Arguments: 
  C:\Program Files\nodejs\node.exe C:\Users\SK  CHOE\AppData\Roaming\npm\node_modules\yarn\bin\yarn.js add bady-parser

PATH: 
  C:\WINDOWS\system32;C:\WINDOWS;C:\WINDOWS\System32\Wbem;C:\WINDOWS\System32\WindowsPowerShell\v1.0\;C:\WINDOWS\System32\OpenSSH\;C:\Program Files\nodejs\;C:\Program Files\Git\cmd;C:\Users\SK  CHOE\AppData\Local\Microsoft\WindowsApps;C:\Users\SK  CHOE\AppData\Local\Programs\Microsoft VS Code\bin;C:\Users\SK  CHOE\AppData\Roaming\npm;C:\Program Files\Git\bin;

Yarn version: 
  1.22.19

Node version: 
  19.8.1

Platform: 
  win32 x64

Trace: 
  Error: https://registry.yarnpkg.com/bady-parser: Not found
      at params.callback [as _callback] (C:\Users\SK  CHOE\AppData\Roaming\npm\node_modules\yarn\lib\cli.js:66145:18)
      at self.callback (C:\Users\SK  CHOE\AppData\Roaming\npm\node_modules\yarn\lib\cli.js:140890:22)
      at Request.emit (node:events:512:28)
      at Request.<anonymous> (C:\Users\SK  CHOE\AppData\Roaming\npm\node_modules\yarn\lib\cli.js:141862:10)
      at Request.emit (node:events:512:28)
      at IncomingMessage.<anonymous> (C:\Users\SK  CHOE\AppData\Roaming\npm\node_modules\yarn\lib\cli.js:141784:12)
      at Object.onceWrapper (node:events:626:28)
      at IncomingMessage.emit (node:events:524:35)
      at endReadableNT (node:internal/streams/readable:1359:12)
      at process.processTicksAndRejections (node:internal/process/task_queues:82:21)

npm manifest: 
  {
    "name": "node-google-authenticator",
    "version": "1.0.0",
    "description": "A server-side Node application with two-factor authentication.",
    "main": "src/server.ts",
    "dependencies": {
      "@types/bcrypt": "^3.0.0",
      "@types/qrcode": "^1.3.3",
      "@types/speakeasy": "^2.0.4",
      "bcrypt": "^3.0.6",
      "body-parser": "^1.18.3",
      "class-transformer": "^0.2.0",
      "class-validator": "^0.9.1",
      "cookie-parser": "^1.4.3",
      "dotenv": "^6.2.0",
      "envalid": "^4.1.4",
      "express": "^4.16.4",
      "jsonwebtoken": "^8.4.0",
      "mongoose": "5.7.5",
      "qrcode": "^1.4.1",
      "speakeasy": "^2.0.0"
    },
    "devDependencies": {
      "@types/cookie-parser": "^1.4.1",
      "@types/express": "^4.16.0",
      "@types/jest": "^24.0.10",
      "@types/jsonwebtoken": "^8.3.0",
      "@types/mongoose": "^5.3.7",
      "@types/node": "^10.14.13",
      "@types/supertest": "^2.0.7",
      "husky": "^1.2.0",
      "jest": "^24.3.1",
      "node-gyp": "^3.8.0",
      "nodemon": "^1.18.7",
      "supertest": "^3.4.2",
      "ts-jest": "^24.0.0",
      "ts-node": "^7.0.1",
      "tslint": "^5.11.0",
      "tslint-config-airbnb": "^5.11.1",
      "typescript": "^3.2.1"
    },
    "scripts": {
      "dev": "ts-node ./src/server.ts",
      "lint": "tslint -p tsconfig.json -c tslint.json",
      "lint:fix": "tslint --fix -p tsconfig.json -c tslint.json",
      "test": "jest"
    },
    "author": "Allistair Vilakazi",
    "license": "MIT",
    "husky": {
      "hooks": {
        "pre-commit": "npm run lint"
      }
    },
    "repository": "https://github.com/simply-alliv/node-google-authenticator.git"
  }

yarn manifest: 
  No manifest

Lockfile: 
  No lockfile
